<?xml version="1.0" encoding="UTF-8"?>
<testng-results skipped="0" failed="0" ignored="0" total="1" passed="1">
  <reporter-output>
  </reporter-output>
  <suite name="Main Test Suite" duration-ms="149050" started-at="2019-01-25T11:43:56Z" finished-at="2019-01-25T11:46:26Z">
    <groups>
    </groups>
    <test name="Talentric" duration-ms="149050" started-at="2019-01-25T11:43:56Z" finished-at="2019-01-25T11:46:26Z">
      <class name="com.talentric.Utilities.Create_TestNGXML">
        <test-method status="PASS" signature="createXMLfile()[pri:0, instance:com.talentric.Utilities.Create_TestNGXML@7823a2f9]" name="createXMLfile" duration-ms="149003" started-at="2019-01-25T17:13:57Z" finished-at="2019-01-25T17:16:26Z">
          <reporter-output>
          </reporter-output>
        </test-method> <!-- createXMLfile -->
      </class> <!-- com.talentric.Utilities.Create_TestNGXML -->
    </test> <!-- Talentric -->
  </suite> <!-- Main Test Suite -->
</testng-results>
